{
  "stats": {
    "suites": 1,
    "tests": 1,
    "passes": 1,
    "pending": 0,
    "failures": 0,
    "start": "2023-08-03T20:07:52.383Z",
    "end": "2023-08-03T20:08:39.621Z",
    "duration": 47238,
    "testsRegistered": 1,
    "passPercent": 100,
    "pendingPercent": 0,
    "other": 0,
    "hasOther": false,
    "skipped": 0,
    "hasSkipped": false
  },
  "results": [
    {
      "uuid": "30891c3a-42b5-46b9-bf14-f40d9de717fe",
      "title": "",
      "fullFile": "cypress\\e2e\\Realizar-checkout.cy.js",
      "file": "cypress\\e2e\\Realizar-checkout.cy.js",
      "beforeHooks": [],
      "afterHooks": [],
      "tests": [],
      "suites": [
        {
          "uuid": "32d670f7-0497-4364-8d34-09d1d7339674",
          "title": "Realizar checkout",
          "fullFile": "",
          "file": "",
          "beforeHooks": [],
          "afterHooks": [],
          "tests": [
            {
              "title": "Adicionar produto ao carrinho e preenche para o pagamento",
              "fullTitle": "Realizar checkout Adicionar produto ao carrinho e preenche para o pagamento",
              "timedOut": null,
              "duration": 44111,
              "state": "passed",
              "speed": "slow",
              "pass": true,
              "fail": false,
              "pending": false,
              "context": null,
              "code": "cy.visit('https://magento.softwaretestingboard.com');\n_produtoX.default.produtoX();\n_carrinho.default.marcaritens();\n_carrinho.default.submeterCompra();\ncy.wait(1000);\ncy.get('.minicart-wrapper').should('be.visible');\ncy.wait(3000);\ncy.get('.showcart').click();\ncy.wait(3000);\ncy.get('#top-cart-btn-checkout').click();\ncy.wait(5000);\ncy.get('#customer-email').type('ritthy.foster@example.com');\ncy.get('input[name=\"firstname\"]').type('Ritthy');\ncy.get('input[name=\"lastname\"]').type('Foster');\ncy.get('input[name=\"street[0]\"]').type('8821 Adams St');\ncy.get('input[name=\"city\"]').type('Detroit'); //\ncy.get('select[name=\"region_id\"]').select('Michigan'); //não ta generico\ncy.wait(1000);\ncy.get('input[name=\"postcode\"]').type('63104'); //add com validade\ncy.get('select[name=\"country_id\"]').select('United States'); //não ta generico\ncy.get('input[name=\"telephone\"]').type('00000-0000'); //add com validade\ncy.get('input[type=\"radio\"][value=\"tablerate_bestway\"]').check();\ncy.wait(1000);\ncy.get('.button.action.continue.primary').click();\ncy.wait(1000);\ncy.get('.action.primary.checkout').click();\ncy.wait(1000);\ncy.get('.checkout-onepage-success.page-layout-1column').should('be.visible');",
              "err": {},
              "uuid": "50774112-9d16-48e1-9d49-b297a44a593f",
              "parentUUID": "32d670f7-0497-4364-8d34-09d1d7339674",
              "isHook": false,
              "skipped": false
            }
          ],
          "suites": [],
          "passes": [
            "50774112-9d16-48e1-9d49-b297a44a593f"
          ],
          "failures": [],
          "pending": [],
          "skipped": [],
          "duration": 44111,
          "root": false,
          "rootEmpty": false,
          "_timeout": 2000
        }
      ],
      "passes": [],
      "failures": [],
      "pending": [],
      "skipped": [],
      "duration": 0,
      "root": true,
      "rootEmpty": true,
      "_timeout": 2000
    }
  ],
  "meta": {
    "mocha": {
      "version": "7.0.1"
    },
    "mochawesome": {
      "options": {
        "quiet": false,
        "reportFilename": "mochawesome",
        "saveHtml": true,
        "saveJson": true,
        "consoleReporter": "spec",
        "useInlineDiffs": false,
        "code": true
      },
      "version": "7.1.3"
    },
    "marge": {
      "options": null,
      "version": "6.2.0"
    }
  }
}